Arguments: 
  /Users/acronyme/.nvm/versions/node/v17.7.1/bin/node /Users/acronyme/.nvm/versions/node/v17.7.1/bin/yarn init -Y

PATH: 
  /Users/acronyme/.platformsh/bin:/Users/acronyme/.nvm/versions/node/v17.7.1/bin:/Library/Frameworks/Python.framework/Versions/2.7/bin:/opt/homebrew/bin:/opt/homebrew/sbin:/usr/local/bin:/usr/bin:/bin:/usr/sbin:/sbin:/usr/local/share/dotnet:/opt/X11/bin:~/.dotnet/tools:/Users/acronyme/.platformsh/bin:/Users/acronyme/.nvm/versions/node/v17.7.1/bin:/Library/Frameworks/Python.framework/Versions/2.7/bin:/opt/homebrew/bin:/opt/homebrew/sbin:/Users/acronyme/.dotnet/tools:/Users/acronyme/.dotnet/tools

Yarn version: 
  1.22.18

Node version: 
  17.7.1

Platform: 
  darwin arm64

Trace: 
  Error: canceled
      at Interface.<anonymous> (/Users/acronyme/.nvm/versions/node/v17.7.1/lib/node_modules/yarn/lib/cli.js:137143:13)
      at Interface.emit (node:events:527:28)
      at Interface.[_ttyWrite] [as _ttyWrite] (node:internal/readline/interface:1117:18)
      at ReadStream.onkeypress (node:internal/readline/interface:269:20)
      at ReadStream.emit (node:events:527:28)
      at emitKeys (node:internal/readline/utils:358:14)
      at emitKeys.next (<anonymous>)
      at ReadStream.onData (node:internal/readline/emitKeypressEvents:64:36)
      at ReadStream.emit (node:events:527:28)
      at addChunk (node:internal/streams/readable:324:12)

npm manifest: 
  No manifest

yarn manifest: 
  No manifest

Lockfile: 
  No lockfile
